Arguments: 
  /usr/local/Cellar/node/9.8.0/bin/node /usr/local/Cellar/yarn/1.5.1_1/libexec/bin/yarn.js start

PATH: 
  /Users/silo/.rvm/gems/ruby-2.5.1/bin:/Users/silo/.rvm/gems/ruby-2.5.1@global/bin:/Users/silo/.rvm/rubies/ruby-2.5.1/bin:/Users/silo/.rvm/bin:/Users/silo/Desktop/go/bin:/usr/local/bin:/usr/bin:/bin:/usr/sbin:/sbin:/usr/local/go/bin:/Users/Silo/.rvm/gems/ruby-2.3.3/bin:/Users/Silo/.rvm/gems/ruby-2.3.3@global/bin:/Users/Silo/.rvm/rubies/ruby-2.3.3/bin:/usr/local/bin:/usr/bin:/bin:/usr/sbin:/sbin:/usr/local/git/bin:/opt/ImageMagick/bin

Yarn version: 
  1.5.1

Node version: 
  9.8.0

Platform: 
  darwin x64

npm manifest: 
  {
    "dependencies": {
      "apollo-cache-inmemory": "^1.2.2"
    }
  }

yarn manifest: 
  No manifest

Lockfile: 
  # THIS IS AN AUTOGENERATED FILE. DO NOT EDIT THIS FILE DIRECTLY.
  # yarn lockfile v1
  
  
  apollo-cache-inmemory@^1.2.2:
    version "1.2.2"
    resolved "https://registry.yarnpkg.com/apollo-cache-inmemory/-/apollo-cache-inmemory-1.2.2.tgz#051b1fec5b3cec1b348bd7ac9c713a72a0bba45b"
    dependencies:
      apollo-cache "^1.1.9"
      apollo-utilities "^1.0.13"
      graphql-anywhere "^4.1.11"
  
  apollo-cache@^1.1.9:
    version "1.1.9"
    resolved "https://registry.yarnpkg.com/apollo-cache/-/apollo-cache-1.1.9.tgz#90426f25c43bc66ae02808af01194d78fd15ea40"
    dependencies:
      apollo-utilities "^1.0.13"
  
  apollo-utilities@^1.0.13:
    version "1.0.13"
    resolved "https://registry.yarnpkg.com/apollo-utilities/-/apollo-utilities-1.0.13.tgz#793c858bb42243f7254d3c2961c64a7158e51022"
  
  graphql-anywhere@^4.1.11:
    version "4.1.11"
    resolved "https://registry.yarnpkg.com/graphql-anywhere/-/graphql-anywhere-4.1.11.tgz#f91fa82e7e47275260957bb91f2fed5ecd508098"
    dependencies:
      apollo-utilities "^1.0.13"

Trace: 
  Error: Command "start" not found.
      at new MessageError (/usr/local/Cellar/yarn/1.5.1_1/libexec/lib/cli.js:186:110)
      at /usr/local/Cellar/yarn/1.5.1_1/libexec/lib/cli.js:87307:17
      at Generator.next (<anonymous>)
      at step (/usr/local/Cellar/yarn/1.5.1_1/libexec/lib/cli.js:98:30)
      at /usr/local/Cellar/yarn/1.5.1_1/libexec/lib/cli.js:116:14
      at new Promise (<anonymous>)
      at new F (/usr/local/Cellar/yarn/1.5.1_1/libexec/lib/cli.js:23451:28)
      at /usr/local/Cellar/yarn/1.5.1_1/libexec/lib/cli.js:95:12
      at runCommand (/usr/local/Cellar/yarn/1.5.1_1/libexec/lib/cli.js:87312:22)
      at Object.<anonymous> (/usr/local/Cellar/yarn/1.5.1_1/libexec/lib/cli.js:87412:14)
